<?xml version="1.0" encoding="UTF-8"?>
<!-- Generated by org.testng.reporters.JUnitReportReporter -->
<testsuite hostname="DESKTOP-785U0BK" failures="0" tests="2" name="com.attestr.runners.LoginPageTest" time="16.430" errors="0" timestamp="2022-07-11T09:06:20 CDT" skipped="0">
  <testcase classname="com.attestr.runners.LoginPageTest" name="loginPageTitleTest" time="5.802"/>
  <system-out/>
  <testcase classname="com.attestr.runners.LoginPageTest" name="loginTest" time="10.628"/>
  <system-out/>
</testsuite> <!-- com.attestr.runners.LoginPageTest -->
