<?xml version="1.0" encoding="UTF-8"?>
<!-- Generated by org.testng.reporters.JUnitReportReporter -->
<testsuite hostname="DESKTOP-785U0BK" failures="0" tests="1" name="com.attestr.runners.HomePageTest" time="8.180" errors="0" timestamp="2022-07-11T09:06:20 CDT" skipped="0">
  <testcase classname="com.attestr.runners.HomePageTest" name="homePageTest" time="8.180"/>
  <system-out/>
</testsuite> <!-- com.attestr.runners.HomePageTest -->
