<?xml version="1.0" encoding="UTF-8"?>
<!-- Generated by org.testng.reporters.JUnitReportReporter -->
<testsuite hostname="DESKTOP-785U0BK" failures="0" tests="1" name="com.attestr.runners.BankAccountPageTest" time="7.321" errors="0" timestamp="2022-07-11T09:06:20 CDT" skipped="0">
  <testcase classname="com.attestr.runners.BankAccountPageTest" name="verifySearch" time="7.321"/>
  <system-out/>
</testsuite> <!-- com.attestr.runners.BankAccountPageTest -->
