<?xml version="1.0" encoding="UTF-8"?>
<!-- Generated by org.testng.reporters.JUnitReportReporter -->
<testsuite skipped="0" hostname="hpogaku-mac" name="com.attestr.runners.LoginPageTest" tests="2" failures="0" timestamp="2021-11-21T23:07:24 IST" time="9.980" errors="0">
  <testcase name="loginPageTitleTest" time="5.806" classname="com.attestr.runners.LoginPageTest"/>
  <system-out/>
  <testcase name="loginTest" time="4.174" classname="com.attestr.runners.LoginPageTest"/>
  <system-out/>
</testsuite> <!-- com.attestr.runners.LoginPageTest -->
